# BITSTREAM_LOG: 2026-05-07 12:31
# DIAL_ACTIVE: 5FS70 | PHASE: RESONANCE_STABILITY
[DATA] SETS: 5 | REPS: 70 | STATUS: ACTIVE
# BITSTREAM_LOG: 2026-05-07 12:33
# DIAL_ACTIVE: 5FS70 | PHASE: RESONANCE_STABILITY
[DATA] SETS: 5 | REPS: 70 | STATUS: ACTIVE
# BITSTREAM_LOG: 2026-05-07 13:10
# DIAL_ACTIVE: 5FS70 | PHASE: RESONANCE_STABILITY
[DATA] SETS: 5 | REPS: 70 | STATUS: ACTIVE
# BITSTREAM_LOG: 2026-05-07 13:49
# DIAL_ACTIVE: 5FS70 | PHASE: RESONANCE_STABILITY
[DATA] SETS: 5 | REPS: 70 | STATUS: ACTIVE
# BITSTREAM_LOG: 2026-05-07 14:24
# DIAL_ACTIVE: 5FS70 | PHASE: RESONANCE_STABILITY
[DATA] SETS: 5 | REPS: 70 | STATUS: ACTIVE
# BITSTREAM_LOG: 2026-05-07 14:36
# DIAL_ACTIVE: 5FS70 | PHASE: RESONANCE_STABILITY
[DATA] SETS: 5 | REPS: 70 | STATUS: ACTIVE
# BITSTREAM_LOG: 2026-05-07 15:29
# DIAL_ACTIVE: 5FS70 | PHASE: RESONANCE_STABILITY
[DATA] SETS: 5 | REPS: 70 | STATUS: ACTIVE
# BITSTREAM_LOG: 2026-05-07 16:25
# DIAL_ACTIVE: 5FS70 | PHASE: RESONANCE_STABILITY
[DATA] SETS: 5 | REPS: 70 | STATUS: ACTIVE
# BITSTREAM_LOG: 2026-05-07 16:28
# DIAL_ACTIVE: 5FS70 | PHASE: RESONANCE_STABILITY
[DATA] SETS: 5 | REPS: 70 | STATUS: ACTIVE
# BITSTREAM_LOG: 2026-05-07 16:50
# DIAL_ACTIVE: 5FS70 | PHASE: RESONANCE_STABILITY
[DATA] SETS: 5 | REPS: 70 | STATUS: ACTIVE
# BITSTREAM_LOG: 2026-05-07 16:53
# DIAL_ACTIVE: 5FS70 | PHASE: RESONANCE_STABILITY
[DATA] SETS: 5 | REPS: 70 | STATUS: ACTIVE
# BITSTREAM_LOG: 2026-05-07 17:40
# DIAL_ACTIVE: 5FS70 | PHASE: RESONANCE_STABILITY
[DATA] SETS: 5 | REPS: 70 | STATUS: ACTIVE
# BITSTREAM_LOG: 2026-05-07 17:49
# DIAL_ACTIVE: 5FS70 | PHASE: RESONANCE_STABILITY
[DATA] SETS: 5 | REPS: 70 | STATUS: ACTIVE
# BITSTREAM_LOG: 2026-05-07 18:15
# DIAL_ACTIVE: 5AV70 | PROTOCOL: WAVE_ENCRYPTION
[DATA] PHASE: AV | SETS: 5 | REPS: 70 | STATUS: SYNCED
# BITSTREAM_LOG: 2026-05-07 19:48
# DIAL_ACTIVE: 5AV70 | PROTOCOL: WAVE_ENCRYPTION
[DATA] PHASE: AV | SETS: 5 | REPS: 70 | STATUS: SYNCED
# BITSTREAM_LOG: 2026-05-11 16:26
# SOLAR_ANGLE: 90 | LUNAR_PHASE: 35%
# DIAL_ACTIVE: 5PSL79 | QUADRANT: PACE
[DATA] SETS: 5 | COMBO: PSL | REPS: 79 | RESONANCE: 1.62
# BITSTREAM_LOG: 2026-05-11 16:26
# SOLAR_ANGLE: 90 | LUNAR_PHASE: 35%
# DIAL_ACTIVE: 5PSL79 | QUADRANT: PACE
[DATA] SETS: 5 | COMBO: PSL | REPS: 79 | RESONANCE: 1.62
# BITSTREAM_LOG: 2026-05-11 19:08
# SOLAR_ANGLE: 180 | LUNAR_PHASE: 35%
# DIAL_ACTIVE: 5ULS169 | QUADRANT: UNDER
[DATA] SETS: 5 | COMBO: ULS | REPS: 169 | RESONANCE: 1.62
